<?xml version="1.0" encoding="UTF-8"?>
<testsuite xmlns:xsi="http://www.w3.org/2001/XMLSchema-instance" xsi:noNamespaceSchemaLocation="https://maven.apache.org/surefire/maven-surefire-plugin/xsd/surefire-test-report-3.0.xsd" version="3.0" name="com.mbrateq.manager.dto.OccupancyRequestSpec" time="0.354" tests="8" errors="0" skipped="0" failures="0">
  <properties>
    <property name="java.specification.version" value="20"/>
    <property name="sun.jnu.encoding" value="UTF-8"/>
    <property name="java.class.path" value="/Users/marcin.bratek/sdk/Repository/room-occupancy-manager/target/test-classes:/Users/marcin.bratek/sdk/Repository/room-occupancy-manager/target/classes:/Users/marcin.bratek/.m2/repository/org/springframework/boot/spring-boot-starter-web/3.1.5/spring-boot-starter-web-3.1.5.jar:/Users/marcin.bratek/.m2/repository/org/springframework/boot/spring-boot-starter/3.1.5/spring-boot-starter-3.1.5.jar:/Users/marcin.bratek/.m2/repository/org/springframework/boot/spring-boot/3.1.5/spring-boot-3.1.5.jar:/Users/marcin.bratek/.m2/repository/org/springframework/boot/spring-boot-autoconfigure/3.1.5/spring-boot-autoconfigure-3.1.5.jar:/Users/marcin.bratek/.m2/repository/org/springframework/boot/spring-boot-starter-logging/3.1.5/spring-boot-starter-logging-3.1.5.jar:/Users/marcin.bratek/.m2/repository/ch/qos/logback/logback-classic/1.4.11/logback-classic-1.4.11.jar:/Users/marcin.bratek/.m2/repository/ch/qos/logback/logback-core/1.4.11/logback-core-1.4.11.jar:/Users/marcin.bratek/.m2/repository/org/apache/logging/log4j/log4j-to-slf4j/2.20.0/log4j-to-slf4j-2.20.0.jar:/Users/marcin.bratek/.m2/repository/org/apache/logging/log4j/log4j-api/2.20.0/log4j-api-2.20.0.jar:/Users/marcin.bratek/.m2/repository/org/slf4j/jul-to-slf4j/2.0.9/jul-to-slf4j-2.0.9.jar:/Users/marcin.bratek/.m2/repository/jakarta/annotation/jakarta.annotation-api/2.1.1/jakarta.annotation-api-2.1.1.jar:/Users/marcin.bratek/.m2/repository/org/yaml/snakeyaml/1.33/snakeyaml-1.33.jar:/Users/marcin.bratek/.m2/repository/org/springframework/boot/spring-boot-starter-json/3.1.5/spring-boot-starter-json-3.1.5.jar:/Users/marcin.bratek/.m2/repository/com/fasterxml/jackson/core/jackson-databind/2.15.3/jackson-databind-2.15.3.jar:/Users/marcin.bratek/.m2/repository/com/fasterxml/jackson/core/jackson-annotations/2.15.3/jackson-annotations-2.15.3.jar:/Users/marcin.bratek/.m2/repository/com/fasterxml/jackson/core/jackson-core/2.15.3/jackson-core-2.15.3.jar:/Users/marcin.bratek/.m2/repository/com/fasterxml/jackson/datatype/jackson-datatype-jdk8/2.15.3/jackson-datatype-jdk8-2.15.3.jar:/Users/marcin.bratek/.m2/repository/com/fasterxml/jackson/datatype/jackson-datatype-jsr310/2.15.3/jackson-datatype-jsr310-2.15.3.jar:/Users/marcin.bratek/.m2/repository/com/fasterxml/jackson/module/jackson-module-parameter-names/2.15.3/jackson-module-parameter-names-2.15.3.jar:/Users/marcin.bratek/.m2/repository/org/springframework/boot/spring-boot-starter-tomcat/3.1.5/spring-boot-starter-tomcat-3.1.5.jar:/Users/marcin.bratek/.m2/repository/org/apache/tomcat/embed/tomcat-embed-core/10.1.15/tomcat-embed-core-10.1.15.jar:/Users/marcin.bratek/.m2/repository/org/apache/tomcat/embed/tomcat-embed-websocket/10.1.15/tomcat-embed-websocket-10.1.15.jar:/Users/marcin.bratek/.m2/repository/org/springframework/spring-web/6.0.13/spring-web-6.0.13.jar:/Users/marcin.bratek/.m2/repository/org/springframework/spring-beans/6.0.13/spring-beans-6.0.13.jar:/Users/marcin.bratek/.m2/repository/io/micrometer/micrometer-observation/1.11.5/micrometer-observation-1.11.5.jar:/Users/marcin.bratek/.m2/repository/io/micrometer/micrometer-commons/1.11.5/micrometer-commons-1.11.5.jar:/Users/marcin.bratek/.m2/repository/org/springframework/spring-webmvc/6.0.13/spring-webmvc-6.0.13.jar:/Users/marcin.bratek/.m2/repository/org/springframework/spring-aop/6.0.13/spring-aop-6.0.13.jar:/Users/marcin.bratek/.m2/repository/org/springframework/spring-context/6.0.13/spring-context-6.0.13.jar:/Users/marcin.bratek/.m2/repository/org/springframework/spring-expression/6.0.13/spring-expression-6.0.13.jar:/Users/marcin.bratek/.m2/repository/org/springframework/boot/spring-boot-starter-validation/3.1.5/spring-boot-starter-validation-3.1.5.jar:/Users/marcin.bratek/.m2/repository/org/apache/tomcat/embed/tomcat-embed-el/10.1.15/tomcat-embed-el-10.1.15.jar:/Users/marcin.bratek/.m2/repository/org/hibernate/validator/hibernate-validator/8.0.1.Final/hibernate-validator-8.0.1.Final.jar:/Users/marcin.bratek/.m2/repository/jakarta/validation/jakarta.validation-api/3.0.2/jakarta.validation-api-3.0.2.jar:/Users/marcin.bratek/.m2/repository/org/jboss/logging/jboss-logging/3.5.3.Final/jboss-logging-3.5.3.Final.jar:/Users/marcin.bratek/.m2/repository/com/fasterxml/classmate/1.5.1/classmate-1.5.1.jar:/Users/marcin.bratek/.m2/repository/org/projectlombok/lombok/1.18.30/lombok-1.18.30.jar:/Users/marcin.bratek/.m2/repository/org/springframework/boot/spring-boot-starter-test/3.1.5/spring-boot-starter-test-3.1.5.jar:/Users/marcin.bratek/.m2/repository/org/springframework/boot/spring-boot-test/3.1.5/spring-boot-test-3.1.5.jar:/Users/marcin.bratek/.m2/repository/org/springframework/boot/spring-boot-test-autoconfigure/3.1.5/spring-boot-test-autoconfigure-3.1.5.jar:/Users/marcin.bratek/.m2/repository/com/jayway/jsonpath/json-path/2.8.0/json-path-2.8.0.jar:/Users/marcin.bratek/.m2/repository/org/slf4j/slf4j-api/2.0.9/slf4j-api-2.0.9.jar:/Users/marcin.bratek/.m2/repository/jakarta/xml/bind/jakarta.xml.bind-api/4.0.1/jakarta.xml.bind-api-4.0.1.jar:/Users/marcin.bratek/.m2/repository/jakarta/activation/jakarta.activation-api/2.1.2/jakarta.activation-api-2.1.2.jar:/Users/marcin.bratek/.m2/repository/net/minidev/json-smart/2.4.11/json-smart-2.4.11.jar:/Users/marcin.bratek/.m2/repository/net/minidev/accessors-smart/2.4.11/accessors-smart-2.4.11.jar:/Users/marcin.bratek/.m2/repository/org/ow2/asm/asm/9.3/asm-9.3.jar:/Users/marcin.bratek/.m2/repository/org/assertj/assertj-core/3.24.2/assertj-core-3.24.2.jar:/Users/marcin.bratek/.m2/repository/net/bytebuddy/byte-buddy/1.14.9/byte-buddy-1.14.9.jar:/Users/marcin.bratek/.m2/repository/org/hamcrest/hamcrest/2.2/hamcrest-2.2.jar:/Users/marcin.bratek/.m2/repository/org/junit/jupiter/junit-jupiter/5.9.3/junit-jupiter-5.9.3.jar:/Users/marcin.bratek/.m2/repository/org/junit/jupiter/junit-jupiter-api/5.9.3/junit-jupiter-api-5.9.3.jar:/Users/marcin.bratek/.m2/repository/org/junit/jupiter/junit-jupiter-params/5.9.3/junit-jupiter-params-5.9.3.jar:/Users/marcin.bratek/.m2/repository/org/junit/jupiter/junit-jupiter-engine/5.9.3/junit-jupiter-engine-5.9.3.jar:/Users/marcin.bratek/.m2/repository/org/mockito/mockito-core/5.3.1/mockito-core-5.3.1.jar:/Users/marcin.bratek/.m2/repository/net/bytebuddy/byte-buddy-agent/1.14.9/byte-buddy-agent-1.14.9.jar:/Users/marcin.bratek/.m2/repository/org/objenesis/objenesis/3.3/objenesis-3.3.jar:/Users/marcin.bratek/.m2/repository/org/mockito/mockito-junit-jupiter/5.3.1/mockito-junit-jupiter-5.3.1.jar:/Users/marcin.bratek/.m2/repository/org/skyscreamer/jsonassert/1.5.1/jsonassert-1.5.1.jar:/Users/marcin.bratek/.m2/repository/com/vaadin/external/google/android-json/0.0.20131108.vaadin1/android-json-0.0.20131108.vaadin1.jar:/Users/marcin.bratek/.m2/repository/org/springframework/spring-core/6.0.13/spring-core-6.0.13.jar:/Users/marcin.bratek/.m2/repository/org/springframework/spring-jcl/6.0.13/spring-jcl-6.0.13.jar:/Users/marcin.bratek/.m2/repository/org/springframework/spring-test/6.0.13/spring-test-6.0.13.jar:/Users/marcin.bratek/.m2/repository/org/xmlunit/xmlunit-core/2.9.1/xmlunit-core-2.9.1.jar:/Users/marcin.bratek/.m2/repository/org/spockframework/spock-core/2.3-groovy-4.0/spock-core-2.3-groovy-4.0.jar:/Users/marcin.bratek/.m2/repository/org/apache/groovy/groovy/4.0.15/groovy-4.0.15.jar:/Users/marcin.bratek/.m2/repository/org/junit/platform/junit-platform-engine/1.9.3/junit-platform-engine-1.9.3.jar:/Users/marcin.bratek/.m2/repository/org/opentest4j/opentest4j/1.2.0/opentest4j-1.2.0.jar:/Users/marcin.bratek/.m2/repository/org/junit/platform/junit-platform-commons/1.9.3/junit-platform-commons-1.9.3.jar:/Users/marcin.bratek/.m2/repository/org/apiguardian/apiguardian-api/1.1.2/apiguardian-api-1.1.2.jar:/Users/marcin.bratek/.m2/repository/org/spockframework/spock-spring/2.3-groovy-4.0/spock-spring-2.3-groovy-4.0.jar:"/>
    <property name="java.vm.vendor" value="Oracle Corporation"/>
    <property name="sun.arch.data.model" value="64"/>
    <property name="java.vendor.url" value="https://java.oracle.com/"/>
    <property name="user.timezone" value="Europe/Warsaw"/>
    <property name="os.name" value="Mac OS X"/>
    <property name="java.vm.specification.version" value="20"/>
    <property name="sun.java.launcher" value="SUN_STANDARD"/>
    <property name="user.country" value="PL"/>
    <property name="sun.boot.library.path" value="/Library/Java/JavaVirtualMachines/openjdk-20.0.1/Contents/Home/lib"/>
    <property name="sun.java.command" value="/Users/marcin.bratek/sdk/Repository/room-occupancy-manager/target/surefire/surefirebooter-20231113135324601_3.jar /Users/marcin.bratek/sdk/Repository/room-occupancy-manager/target/surefire 2023-11-13T13-53-22_823-jvmRun1 surefire-20231113135324601_1tmp surefire_0-20231113135324601_2tmp"/>
    <property name="http.nonProxyHosts" value="local|*.local|169.254/16|*.169.254/16"/>
    <property name="jdk.debug" value="release"/>
    <property name="surefire.test.class.path" value="/Users/marcin.bratek/sdk/Repository/room-occupancy-manager/target/test-classes:/Users/marcin.bratek/sdk/Repository/room-occupancy-manager/target/classes:/Users/marcin.bratek/.m2/repository/org/springframework/boot/spring-boot-starter-web/3.1.5/spring-boot-starter-web-3.1.5.jar:/Users/marcin.bratek/.m2/repository/org/springframework/boot/spring-boot-starter/3.1.5/spring-boot-starter-3.1.5.jar:/Users/marcin.bratek/.m2/repository/org/springframework/boot/spring-boot/3.1.5/spring-boot-3.1.5.jar:/Users/marcin.bratek/.m2/repository/org/springframework/boot/spring-boot-autoconfigure/3.1.5/spring-boot-autoconfigure-3.1.5.jar:/Users/marcin.bratek/.m2/repository/org/springframework/boot/spring-boot-starter-logging/3.1.5/spring-boot-starter-logging-3.1.5.jar:/Users/marcin.bratek/.m2/repository/ch/qos/logback/logback-classic/1.4.11/logback-classic-1.4.11.jar:/Users/marcin.bratek/.m2/repository/ch/qos/logback/logback-core/1.4.11/logback-core-1.4.11.jar:/Users/marcin.bratek/.m2/repository/org/apache/logging/log4j/log4j-to-slf4j/2.20.0/log4j-to-slf4j-2.20.0.jar:/Users/marcin.bratek/.m2/repository/org/apache/logging/log4j/log4j-api/2.20.0/log4j-api-2.20.0.jar:/Users/marcin.bratek/.m2/repository/org/slf4j/jul-to-slf4j/2.0.9/jul-to-slf4j-2.0.9.jar:/Users/marcin.bratek/.m2/repository/jakarta/annotation/jakarta.annotation-api/2.1.1/jakarta.annotation-api-2.1.1.jar:/Users/marcin.bratek/.m2/repository/org/yaml/snakeyaml/1.33/snakeyaml-1.33.jar:/Users/marcin.bratek/.m2/repository/org/springframework/boot/spring-boot-starter-json/3.1.5/spring-boot-starter-json-3.1.5.jar:/Users/marcin.bratek/.m2/repository/com/fasterxml/jackson/core/jackson-databind/2.15.3/jackson-databind-2.15.3.jar:/Users/marcin.bratek/.m2/repository/com/fasterxml/jackson/core/jackson-annotations/2.15.3/jackson-annotations-2.15.3.jar:/Users/marcin.bratek/.m2/repository/com/fasterxml/jackson/core/jackson-core/2.15.3/jackson-core-2.15.3.jar:/Users/marcin.bratek/.m2/repository/com/fasterxml/jackson/datatype/jackson-datatype-jdk8/2.15.3/jackson-datatype-jdk8-2.15.3.jar:/Users/marcin.bratek/.m2/repository/com/fasterxml/jackson/datatype/jackson-datatype-jsr310/2.15.3/jackson-datatype-jsr310-2.15.3.jar:/Users/marcin.bratek/.m2/repository/com/fasterxml/jackson/module/jackson-module-parameter-names/2.15.3/jackson-module-parameter-names-2.15.3.jar:/Users/marcin.bratek/.m2/repository/org/springframework/boot/spring-boot-starter-tomcat/3.1.5/spring-boot-starter-tomcat-3.1.5.jar:/Users/marcin.bratek/.m2/repository/org/apache/tomcat/embed/tomcat-embed-core/10.1.15/tomcat-embed-core-10.1.15.jar:/Users/marcin.bratek/.m2/repository/org/apache/tomcat/embed/tomcat-embed-websocket/10.1.15/tomcat-embed-websocket-10.1.15.jar:/Users/marcin.bratek/.m2/repository/org/springframework/spring-web/6.0.13/spring-web-6.0.13.jar:/Users/marcin.bratek/.m2/repository/org/springframework/spring-beans/6.0.13/spring-beans-6.0.13.jar:/Users/marcin.bratek/.m2/repository/io/micrometer/micrometer-observation/1.11.5/micrometer-observation-1.11.5.jar:/Users/marcin.bratek/.m2/repository/io/micrometer/micrometer-commons/1.11.5/micrometer-commons-1.11.5.jar:/Users/marcin.bratek/.m2/repository/org/springframework/spring-webmvc/6.0.13/spring-webmvc-6.0.13.jar:/Users/marcin.bratek/.m2/repository/org/springframework/spring-aop/6.0.13/spring-aop-6.0.13.jar:/Users/marcin.bratek/.m2/repository/org/springframework/spring-context/6.0.13/spring-context-6.0.13.jar:/Users/marcin.bratek/.m2/repository/org/springframework/spring-expression/6.0.13/spring-expression-6.0.13.jar:/Users/marcin.bratek/.m2/repository/org/springframework/boot/spring-boot-starter-validation/3.1.5/spring-boot-starter-validation-3.1.5.jar:/Users/marcin.bratek/.m2/repository/org/apache/tomcat/embed/tomcat-embed-el/10.1.15/tomcat-embed-el-10.1.15.jar:/Users/marcin.bratek/.m2/repository/org/hibernate/validator/hibernate-validator/8.0.1.Final/hibernate-validator-8.0.1.Final.jar:/Users/marcin.bratek/.m2/repository/jakarta/validation/jakarta.validation-api/3.0.2/jakarta.validation-api-3.0.2.jar:/Users/marcin.bratek/.m2/repository/org/jboss/logging/jboss-logging/3.5.3.Final/jboss-logging-3.5.3.Final.jar:/Users/marcin.bratek/.m2/repository/com/fasterxml/classmate/1.5.1/classmate-1.5.1.jar:/Users/marcin.bratek/.m2/repository/org/projectlombok/lombok/1.18.30/lombok-1.18.30.jar:/Users/marcin.bratek/.m2/repository/org/springframework/boot/spring-boot-starter-test/3.1.5/spring-boot-starter-test-3.1.5.jar:/Users/marcin.bratek/.m2/repository/org/springframework/boot/spring-boot-test/3.1.5/spring-boot-test-3.1.5.jar:/Users/marcin.bratek/.m2/repository/org/springframework/boot/spring-boot-test-autoconfigure/3.1.5/spring-boot-test-autoconfigure-3.1.5.jar:/Users/marcin.bratek/.m2/repository/com/jayway/jsonpath/json-path/2.8.0/json-path-2.8.0.jar:/Users/marcin.bratek/.m2/repository/org/slf4j/slf4j-api/2.0.9/slf4j-api-2.0.9.jar:/Users/marcin.bratek/.m2/repository/jakarta/xml/bind/jakarta.xml.bind-api/4.0.1/jakarta.xml.bind-api-4.0.1.jar:/Users/marcin.bratek/.m2/repository/jakarta/activation/jakarta.activation-api/2.1.2/jakarta.activation-api-2.1.2.jar:/Users/marcin.bratek/.m2/repository/net/minidev/json-smart/2.4.11/json-smart-2.4.11.jar:/Users/marcin.bratek/.m2/repository/net/minidev/accessors-smart/2.4.11/accessors-smart-2.4.11.jar:/Users/marcin.bratek/.m2/repository/org/ow2/asm/asm/9.3/asm-9.3.jar:/Users/marcin.bratek/.m2/repository/org/assertj/assertj-core/3.24.2/assertj-core-3.24.2.jar:/Users/marcin.bratek/.m2/repository/net/bytebuddy/byte-buddy/1.14.9/byte-buddy-1.14.9.jar:/Users/marcin.bratek/.m2/repository/org/hamcrest/hamcrest/2.2/hamcrest-2.2.jar:/Users/marcin.bratek/.m2/repository/org/junit/jupiter/junit-jupiter/5.9.3/junit-jupiter-5.9.3.jar:/Users/marcin.bratek/.m2/repository/org/junit/jupiter/junit-jupiter-api/5.9.3/junit-jupiter-api-5.9.3.jar:/Users/marcin.bratek/.m2/repository/org/junit/jupiter/junit-jupiter-params/5.9.3/junit-jupiter-params-5.9.3.jar:/Users/marcin.bratek/.m2/repository/org/junit/jupiter/junit-jupiter-engine/5.9.3/junit-jupiter-engine-5.9.3.jar:/Users/marcin.bratek/.m2/repository/org/mockito/mockito-core/5.3.1/mockito-core-5.3.1.jar:/Users/marcin.bratek/.m2/repository/net/bytebuddy/byte-buddy-agent/1.14.9/byte-buddy-agent-1.14.9.jar:/Users/marcin.bratek/.m2/repository/org/objenesis/objenesis/3.3/objenesis-3.3.jar:/Users/marcin.bratek/.m2/repository/org/mockito/mockito-junit-jupiter/5.3.1/mockito-junit-jupiter-5.3.1.jar:/Users/marcin.bratek/.m2/repository/org/skyscreamer/jsonassert/1.5.1/jsonassert-1.5.1.jar:/Users/marcin.bratek/.m2/repository/com/vaadin/external/google/android-json/0.0.20131108.vaadin1/android-json-0.0.20131108.vaadin1.jar:/Users/marcin.bratek/.m2/repository/org/springframework/spring-core/6.0.13/spring-core-6.0.13.jar:/Users/marcin.bratek/.m2/repository/org/springframework/spring-jcl/6.0.13/spring-jcl-6.0.13.jar:/Users/marcin.bratek/.m2/repository/org/springframework/spring-test/6.0.13/spring-test-6.0.13.jar:/Users/marcin.bratek/.m2/repository/org/xmlunit/xmlunit-core/2.9.1/xmlunit-core-2.9.1.jar:/Users/marcin.bratek/.m2/repository/org/spockframework/spock-core/2.3-groovy-4.0/spock-core-2.3-groovy-4.0.jar:/Users/marcin.bratek/.m2/repository/org/apache/groovy/groovy/4.0.15/groovy-4.0.15.jar:/Users/marcin.bratek/.m2/repository/org/junit/platform/junit-platform-engine/1.9.3/junit-platform-engine-1.9.3.jar:/Users/marcin.bratek/.m2/repository/org/opentest4j/opentest4j/1.2.0/opentest4j-1.2.0.jar:/Users/marcin.bratek/.m2/repository/org/junit/platform/junit-platform-commons/1.9.3/junit-platform-commons-1.9.3.jar:/Users/marcin.bratek/.m2/repository/org/apiguardian/apiguardian-api/1.1.2/apiguardian-api-1.1.2.jar:/Users/marcin.bratek/.m2/repository/org/spockframework/spock-spring/2.3-groovy-4.0/spock-spring-2.3-groovy-4.0.jar:"/>
    <property name="sun.cpu.endian" value="little"/>
    <property name="user.home" value="/Users/marcin.bratek"/>
    <property name="user.language" value="en"/>
    <property name="java.specification.vendor" value="Oracle Corporation"/>
    <property name="java.version.date" value="2023-04-18"/>
    <property name="java.home" value="/Library/Java/JavaVirtualMachines/openjdk-20.0.1/Contents/Home"/>
    <property name="file.separator" value="/"/>
    <property name="basedir" value="/Users/marcin.bratek/sdk/Repository/room-occupancy-manager"/>
    <property name="java.vm.compressedOopsMode" value="Zero based"/>
    <property name="line.separator" value="&#10;"/>
    <property name="java.vm.specification.vendor" value="Oracle Corporation"/>
    <property name="java.specification.name" value="Java Platform API Specification"/>
    <property name="apple.awt.application.name" value="ForkedBooter"/>
    <property name="surefire.real.class.path" value="/Users/marcin.bratek/sdk/Repository/room-occupancy-manager/target/surefire/surefirebooter-20231113135324601_3.jar"/>
    <property name="sun.management.compiler" value="HotSpot 64-Bit Tiered Compilers"/>
    <property name="ftp.nonProxyHosts" value="local|*.local|169.254/16|*.169.254/16"/>
    <property name="java.runtime.version" value="20.0.1+9-29"/>
    <property name="user.name" value="marcin.bratek"/>
    <property name="stdout.encoding" value="UTF-8"/>
    <property name="path.separator" value=":"/>
    <property name="os.version" value="13.4.1"/>
    <property name="java.runtime.name" value="OpenJDK Runtime Environment"/>
    <property name="file.encoding" value="UTF-8"/>
    <property name="java.vm.name" value="OpenJDK 64-Bit Server VM"/>
    <property name="localRepository" value="/Users/marcin.bratek/.m2/repository"/>
    <property name="java.vendor.url.bug" value="https://bugreport.java.com/bugreport/"/>
    <property name="java.io.tmpdir" value="/var/folders/2x/vgw221497jg4cy2jnbd5jmfw0000gr/T/"/>
    <property name="idea.version" value="2021.3.3"/>
    <property name="java.version" value="20.0.1"/>
    <property name="user.dir" value="/Users/marcin.bratek/sdk/Repository/room-occupancy-manager"/>
    <property name="os.arch" value="aarch64"/>
    <property name="java.vm.specification.name" value="Java Virtual Machine Specification"/>
    <property name="native.encoding" value="UTF-8"/>
    <property name="java.library.path" value="/Users/marcin.bratek/Library/Java/Extensions:/Library/Java/Extensions:/Network/Library/Java/Extensions:/System/Library/Java/Extensions:/usr/lib/java:."/>
    <property name="java.vm.info" value="mixed mode, sharing"/>
    <property name="stderr.encoding" value="UTF-8"/>
    <property name="java.vendor" value="Oracle Corporation"/>
    <property name="java.vm.version" value="20.0.1+9-29"/>
    <property name="sun.io.unicode.encoding" value="UnicodeBig"/>
    <property name="socksNonProxyHosts" value="local|*.local|169.254/16|*.169.254/16"/>
    <property name="java.class.version" value="64.0"/>
  </properties>
  <testcase name="should return no errors if object is correct [givenFreePremium: 3, givenFreeEconomy: 3, prices: [23.0, 45.0, 155.0, 374.0, 22.0, 99.99, 100.0, 101.0, 115.0, 209.0], #0]" classname="com.mbrateq.manager.dto.OccupancyRequestSpec" time="0.036">
    <system-out><![CDATA[13:53:25.256 [main] INFO org.hibernate.validator.internal.util.Version -- HV000001: Hibernate Validator 8.0.1.Final
]]></system-out>
  </testcase>
  <testcase name="should return no errors if object is correct [givenFreePremium: 7, givenFreeEconomy: 5, prices: [23.0, 45.0, 155.0, 374.0, 22.0, 99.99, 100.0, 101.0, 115.0, 209.0], #1]" classname="com.mbrateq.manager.dto.OccupancyRequestSpec" time="0.003"/>
  <testcase name="should return no errors if object is correct [givenFreePremium: 2, givenFreeEconomy: 7, prices: [23.0, 45.0, 155.0, 374.0, 22.0, 99.99, 100.0, 101.0, 115.0, 209.0], #2]" classname="com.mbrateq.manager.dto.OccupancyRequestSpec" time="0.002"/>
  <testcase name="should return no errors if object is correct" classname="com.mbrateq.manager.dto.OccupancyRequestSpec" time="0.322"/>
  <testcase name="should throw exception when object didnt pass the validation [givenFreePremium: 3, givenFreeEconomy: 3, prices: [23.0, 45.0, 155.0, 374.0, 22.0, 99.99, 100.0, -101.0, 115.0, 209.0], message: must be greater than 0, #0]" classname="com.mbrateq.manager.dto.OccupancyRequestSpec" time="0.016"/>
  <testcase name="should throw exception when object didnt pass the validation [givenFreePremium: 7, givenFreeEconomy: -5, prices: [23.0, 45.0, 155.0, 374.0, 22.0, 99.99, 100.0, 101.0, 115.0, 209.0], message: The value must be positive, #1]" classname="com.mbrateq.manager.dto.OccupancyRequestSpec" time="0.002"/>
  <testcase name="should throw exception when object didnt pass the validation [givenFreePremium: -2, givenFreeEconomy: 7, prices: [23.0, 45.0, 155.0, 374.0, 22.0, 99.99, 100.0, 101.0, 115.0, 209.0], message: The value must be positive, #2]" classname="com.mbrateq.manager.dto.OccupancyRequestSpec" time="0.002"/>
  <testcase name="should throw exception when object didnt pass the validation" classname="com.mbrateq.manager.dto.OccupancyRequestSpec" time="0.027"/>
</testsuite>